d:\dsa-lab\solitaire-project\solitaire-project\x64\debug\vc143.pdb
d:\dsa-lab\solitaire-project\solitaire-project\x64\debug\vc143.idb
d:\dsa-lab\solitaire-project\solitaire-project\x64\debug\stack.obj
d:\dsa-lab\solitaire-project\solitaire-project\x64\debug\queue.obj
d:\dsa-lab\solitaire-project\solitaire-project\x64\debug\node.obj
d:\dsa-lab\solitaire-project\solitaire-project\x64\debug\main.obj
d:\dsa-lab\solitaire-project\solitaire-project\x64\debug\linkedlist.obj
d:\dsa-lab\solitaire-project\solitaire-project\x64\debug\card.obj
d:\dsa-lab\solitaire-project\solitaire-project\x64\debug\consoleutility.obj
d:\dsa-lab\solitaire-project\solitaire-project\x64\debug\move.obj
d:\dsa-lab\solitaire-project\x64\debug\solitaire-project.exe
d:\dsa-lab\solitaire-project\solitaire-project\x64\debug\solitaire-project.ilk
d:\dsa-lab\solitaire-project\x64\debug\solitaire-project.pdb
d:\dsa-lab\solitaire-project\solitaire-project\x64\debug\solitair.659079fb.tlog\cl.command.1.tlog
d:\dsa-lab\solitaire-project\solitaire-project\x64\debug\solitair.659079fb.tlog\cl.items.tlog
d:\dsa-lab\solitaire-project\solitaire-project\x64\debug\solitair.659079fb.tlog\cl.read.1.tlog
d:\dsa-lab\solitaire-project\solitaire-project\x64\debug\solitair.659079fb.tlog\cl.write.1.tlog
d:\dsa-lab\solitaire-project\solitaire-project\x64\debug\solitair.659079fb.tlog\link.command.1.tlog
d:\dsa-lab\solitaire-project\solitaire-project\x64\debug\solitair.659079fb.tlog\link.read.1.tlog
d:\dsa-lab\solitaire-project\solitaire-project\x64\debug\solitair.659079fb.tlog\link.write.1.tlog
